2019-12-20 11:45:58.676 [main] INFO  com.m2m.management.ManagementApplication - Starting ManagementApplication v0.0.1-SNAPSHOT on 228419e2c572 with PID 44 (/root/adv/astore.jar started by root in /root/adv)
2019-12-20 11:45:58.693 [main] INFO  com.m2m.management.ManagementApplication - No active profile set, falling back to default profiles: default
2019-12-20 11:46:07.956 [main] INFO  o.s.d.r.config.RepositoryConfigurationDelegate - Bootstrapping Spring Data repositories in DEFAULT mode.
2019-12-20 11:46:08.301 [main] INFO  o.s.d.r.config.RepositoryConfigurationDelegate - Finished Spring Data repository scanning in 311ms. Found 6 repository interfaces.
2019-12-20 11:46:10.968 [main] INFO  o.s.c.s.PostProcessorRegistrationDelegate$BeanPostProcessorChecker - Bean 'org.springframework.transaction.annotation.ProxyTransactionManagementConfiguration' of type [org.springframework.transaction.annotation.ProxyTransactionManagementConfiguration$$EnhancerBySpringCGLIB$$276d04ed] is not eligible for getting processed by all BeanPostProcessors (for example: not eligible for auto-proxying)
2019-12-20 11:46:11.075 [main] INFO  o.s.c.s.PostProcessorRegistrationDelegate$BeanPostProcessorChecker - Bean 'org.springframework.hateoas.config.HateoasConfiguration' of type [org.springframework.hateoas.config.HateoasConfiguration$$EnhancerBySpringCGLIB$$a6ed521f] is not eligible for getting processed by all BeanPostProcessors (for example: not eligible for auto-proxying)
2019-12-20 11:46:13.240 [main] INFO  o.s.boot.web.embedded.tomcat.TomcatWebServer - Tomcat initialized with port(s): 30019 (http)
2019-12-20 11:46:13.315 [main] INFO  org.apache.coyote.http11.Http11NioProtocol - Initializing ProtocolHandler ["http-nio-30019"]
2019-12-20 11:46:13.371 [main] INFO  org.apache.catalina.core.StandardService - Starting service [Tomcat]
2019-12-20 11:46:13.372 [main] INFO  org.apache.catalina.core.StandardEngine - Starting Servlet Engine: Apache Tomcat/9.0.13
2019-12-20 11:46:13.423 [main] INFO  org.apache.catalina.core.AprLifecycleListener - The APR based Apache Tomcat Native library which allows optimal performance in production environments was not found on the java.library.path: [/usr/java/packages/lib/amd64:/usr/lib64:/lib64:/lib:/usr/lib]
2019-12-20 11:46:14.161 [main] INFO  o.a.c.core.ContainerBase.[Tomcat].[localhost].[/] - Initializing Spring embedded WebApplicationContext
2019-12-20 11:46:14.162 [main] INFO  org.springframework.web.context.ContextLoader - Root WebApplicationContext: initialization completed in 14565 ms
2019-12-20 11:46:15.195 [main] INFO  com.zaxxer.hikari.HikariDataSource - HikariPool-1 - Starting...
2019-12-20 11:46:15.583 [main] INFO  com.zaxxer.hikari.HikariDataSource - HikariPool-1 - Start completed.
2019-12-20 11:46:15.972 [main] INFO  org.hibernate.jpa.internal.util.LogHelper - HHH000204: Processing PersistenceUnitInfo [
	name: default
	...]
2019-12-20 11:46:16.306 [main] INFO  org.hibernate.Version - HHH000412: Hibernate Core {5.3.7.Final}
2019-12-20 11:46:16.313 [main] INFO  org.hibernate.cfg.Environment - HHH000206: hibernate.properties not found
2019-12-20 11:46:16.956 [main] INFO  org.hibernate.annotations.common.Version - HCANN000001: Hibernate Commons Annotations {5.0.4.Final}
2019-12-20 11:46:18.024 [main] INFO  org.hibernate.dialect.Dialect - HHH000400: Using dialect: org.hibernate.dialect.PostgreSQLDialect
2019-12-20 11:46:18.080 [main] INFO  o.h.engine.jdbc.env.internal.LobCreatorBuilderImpl - HHH000422: Disabling contextual LOB creation as connection was null
2019-12-20 11:46:18.098 [main] INFO  org.hibernate.type.BasicTypeRegistry - HHH000270: Type registration [java.util.UUID] overrides previous : org.hibernate.type.UUIDBinaryType@147e2ae7
2019-12-20 11:46:21.188 [main] INFO  o.s.orm.jpa.LocalContainerEntityManagerFactoryBean - Initialized JPA EntityManagerFactory for persistence unit 'default'
2019-12-20 11:46:27.203 [main] INFO  o.s.scheduling.concurrent.ThreadPoolTaskExecutor - Initializing ExecutorService 'applicationTaskExecutor'
2019-12-20 11:46:27.464 [main] WARN  o.s.b.a.o.j.JpaBaseConfiguration$JpaWebConfiguration$JpaWebMvcConfiguration - spring.jpa.open-in-view is enabled by default. Therefore, database queries may be performed during view rendering. Explicitly configure spring.jpa.open-in-view to disable this warning
2019-12-20 11:46:28.077 [main] INFO  o.s.b.a.web.servlet.WelcomePageHandlerMapping - Adding welcome page: class path resource [aStore/index.html]
2019-12-20 11:46:29.383 [main] INFO  org.apache.coyote.http11.Http11NioProtocol - Starting ProtocolHandler ["http-nio-30019"]
2019-12-20 11:46:29.409 [main] INFO  org.apache.tomcat.util.net.NioSelectorPool - Using a shared selector for servlet write/read
2019-12-20 11:46:29.482 [main] INFO  o.s.boot.web.embedded.tomcat.TomcatWebServer - Tomcat started on port(s): 30019 (http) with context path ''
2019-12-20 11:46:29.492 [main] INFO  com.m2m.management.ManagementApplication - Started ManagementApplication in 36.245 seconds (JVM running for 41.304)
2019-12-20 11:46:29.587 [main] INFO  o.h.hql.internal.QueryTranslatorFactoryInitiator - HHH000397: Using ASTQueryTranslatorFactory
2019-12-20 11:46:30.044 [main] DEBUG org.hibernate.SQL - select user0_.uid as uid1_0_, user0_.name as name2_0_, user0_.passwd as passwd3_0_, user0_.ts as ts4_0_ from public.aimuser user0_ where user0_.name=?
2019-12-20 11:46:30.063 [main] TRACE org.hibernate.type.descriptor.sql.BasicBinder - binding parameter [1] as [VARCHAR] - [admin]
2019-12-20 11:46:30.150 [main] DEBUG org.hibernate.SQL - select repotype0_.rtid as rtid1_5_, repotype0_.ts as ts2_5_, repotype0_.typename as typename3_5_ from public.repotype repotype0_ where repotype0_.typename=?
2019-12-20 11:46:30.151 [main] TRACE org.hibernate.type.descriptor.sql.BasicBinder - binding parameter [1] as [VARCHAR] - [appStore]
2019-12-20 11:46:30.159 [main] DEBUG org.hibernate.SQL - select repotype0_.rtid as rtid1_5_, repotype0_.ts as ts2_5_, repotype0_.typename as typename3_5_ from public.repotype repotype0_ where repotype0_.typename=?
2019-12-20 11:46:30.160 [main] TRACE org.hibernate.type.descriptor.sql.BasicBinder - binding parameter [1] as [VARCHAR] - [bspStore]
2019-12-20 11:46:30.165 [main] DEBUG org.hibernate.SQL - select repotype0_.rtid as rtid1_5_, repotype0_.ts as ts2_5_, repotype0_.typename as typename3_5_ from public.repotype repotype0_ where repotype0_.typename=?
2019-12-20 11:46:30.166 [main] TRACE org.hibernate.type.descriptor.sql.BasicBinder - binding parameter [1] as [VARCHAR] - [fileStore]
2019-12-20 11:46:30.176 [main] DEBUG org.hibernate.SQL - select repo0_.rid as rid1_1_, repo0_.darkname as darkname2_1_, repo0_.description as descript3_1_, repo0_.reponame as reponame4_1_, repo0_.rtid as rtid6_1_, repo0_.ts as ts5_1_, repo0_.uid as uid7_1_ from public.repo repo0_ where repo0_.reponame=?
2019-12-20 11:46:30.178 [main] TRACE org.hibernate.type.descriptor.sql.BasicBinder - binding parameter [1] as [VARCHAR] - [AndroidApp]
2019-12-20 11:46:30.189 [main] DEBUG org.hibernate.SQL - select repotype0_.rtid as rtid1_5_0_, repotype0_.ts as ts2_5_0_, repotype0_.typename as typename3_5_0_ from public.repotype repotype0_ where repotype0_.rtid=?
2019-12-20 11:46:30.191 [main] TRACE org.hibernate.type.descriptor.sql.BasicBinder - binding parameter [1] as [BIGINT] - [1]
2019-12-20 11:46:30.207 [main] DEBUG org.hibernate.SQL - select user0_.uid as uid1_0_0_, user0_.name as name2_0_0_, user0_.passwd as passwd3_0_0_, user0_.ts as ts4_0_0_ from public.aimuser user0_ where user0_.uid=?
2019-12-20 11:46:30.209 [main] TRACE org.hibernate.type.descriptor.sql.BasicBinder - binding parameter [1] as [BIGINT] - [1]
2019-12-20 11:46:30.215 [main] DEBUG org.hibernate.SQL - select repo0_.rid as rid1_1_, repo0_.darkname as darkname2_1_, repo0_.description as descript3_1_, repo0_.reponame as reponame4_1_, repo0_.rtid as rtid6_1_, repo0_.ts as ts5_1_, repo0_.uid as uid7_1_ from public.repo repo0_ where repo0_.reponame=?
2019-12-20 11:46:30.216 [main] TRACE org.hibernate.type.descriptor.sql.BasicBinder - binding parameter [1] as [VARCHAR] - [AndroidBsp]
2019-12-20 11:46:30.219 [main] DEBUG org.hibernate.SQL - select repotype0_.rtid as rtid1_5_0_, repotype0_.ts as ts2_5_0_, repotype0_.typename as typename3_5_0_ from public.repotype repotype0_ where repotype0_.rtid=?
2019-12-20 11:46:30.221 [main] TRACE org.hibernate.type.descriptor.sql.BasicBinder - binding parameter [1] as [BIGINT] - [2]
2019-12-20 11:46:30.224 [main] DEBUG org.hibernate.SQL - select user0_.uid as uid1_0_0_, user0_.name as name2_0_0_, user0_.passwd as passwd3_0_0_, user0_.ts as ts4_0_0_ from public.aimuser user0_ where user0_.uid=?
2019-12-20 11:46:30.226 [main] TRACE org.hibernate.type.descriptor.sql.BasicBinder - binding parameter [1] as [BIGINT] - [1]
2019-12-20 11:46:30.231 [main] DEBUG org.hibernate.SQL - select repo0_.rid as rid1_1_, repo0_.darkname as darkname2_1_, repo0_.description as descript3_1_, repo0_.reponame as reponame4_1_, repo0_.rtid as rtid6_1_, repo0_.ts as ts5_1_, repo0_.uid as uid7_1_ from public.repo repo0_ where repo0_.reponame=?
2019-12-20 11:46:30.233 [main] TRACE org.hibernate.type.descriptor.sql.BasicBinder - binding parameter [1] as [VARCHAR] - [AndroidFile]
2019-12-20 11:46:30.236 [main] DEBUG org.hibernate.SQL - select repotype0_.rtid as rtid1_5_0_, repotype0_.ts as ts2_5_0_, repotype0_.typename as typename3_5_0_ from public.repotype repotype0_ where repotype0_.rtid=?
2019-12-20 11:46:30.238 [main] TRACE org.hibernate.type.descriptor.sql.BasicBinder - binding parameter [1] as [BIGINT] - [3]
2019-12-20 11:46:30.240 [main] DEBUG org.hibernate.SQL - select user0_.uid as uid1_0_0_, user0_.name as name2_0_0_, user0_.passwd as passwd3_0_0_, user0_.ts as ts4_0_0_ from public.aimuser user0_ where user0_.uid=?
2019-12-20 11:46:30.242 [main] TRACE org.hibernate.type.descriptor.sql.BasicBinder - binding parameter [1] as [BIGINT] - [1]
2019-12-20 11:52:07.001 [main] INFO  com.m2m.management.ManagementApplication - Starting ManagementApplication v0.0.1-SNAPSHOT on 228419e2c572 with PID 44 (/root/adv/astore.jar started by root in /root/adv)
2019-12-20 11:52:07.027 [main] INFO  com.m2m.management.ManagementApplication - No active profile set, falling back to default profiles: default
2019-12-20 11:52:16.107 [main] INFO  o.s.d.r.config.RepositoryConfigurationDelegate - Bootstrapping Spring Data repositories in DEFAULT mode.
2019-12-20 11:52:16.946 [main] INFO  o.s.d.r.config.RepositoryConfigurationDelegate - Finished Spring Data repository scanning in 712ms. Found 6 repository interfaces.
2019-12-20 11:52:21.146 [main] INFO  o.s.c.s.PostProcessorRegistrationDelegate$BeanPostProcessorChecker - Bean 'org.springframework.transaction.annotation.ProxyTransactionManagementConfiguration' of type [org.springframework.transaction.annotation.ProxyTransactionManagementConfiguration$$EnhancerBySpringCGLIB$$f198b871] is not eligible for getting processed by all BeanPostProcessors (for example: not eligible for auto-proxying)
2019-12-20 11:52:21.253 [main] INFO  o.s.c.s.PostProcessorRegistrationDelegate$BeanPostProcessorChecker - Bean 'org.springframework.hateoas.config.HateoasConfiguration' of type [org.springframework.hateoas.config.HateoasConfiguration$$EnhancerBySpringCGLIB$$711905a3] is not eligible for getting processed by all BeanPostProcessors (for example: not eligible for auto-proxying)
2019-12-20 11:52:23.065 [main] INFO  o.s.boot.web.embedded.tomcat.TomcatWebServer - Tomcat initialized with port(s): 30019 (http)
2019-12-20 11:52:23.137 [main] INFO  org.apache.coyote.http11.Http11NioProtocol - Initializing ProtocolHandler ["http-nio-30019"]
2019-12-20 11:52:23.190 [main] INFO  org.apache.catalina.core.StandardService - Starting service [Tomcat]
2019-12-20 11:52:23.192 [main] INFO  org.apache.catalina.core.StandardEngine - Starting Servlet Engine: Apache Tomcat/9.0.13
2019-12-20 11:52:23.539 [main] INFO  org.apache.catalina.core.AprLifecycleListener - The APR based Apache Tomcat Native library which allows optimal performance in production environments was not found on the java.library.path: [/usr/java/packages/lib/amd64:/usr/lib64:/lib64:/lib:/usr/lib]
2019-12-20 11:52:23.819 [main] INFO  o.a.c.core.ContainerBase.[Tomcat].[localhost].[/] - Initializing Spring embedded WebApplicationContext
2019-12-20 11:52:23.820 [main] INFO  org.springframework.web.context.ContextLoader - Root WebApplicationContext: initialization completed in 16269 ms
2019-12-20 11:52:24.747 [main] INFO  com.zaxxer.hikari.HikariDataSource - HikariPool-1 - Starting...
2019-12-20 11:52:25.090 [main] INFO  com.zaxxer.hikari.HikariDataSource - HikariPool-1 - Start completed.
2019-12-20 11:52:25.365 [main] INFO  org.hibernate.jpa.internal.util.LogHelper - HHH000204: Processing PersistenceUnitInfo [
	name: default
	...]
2019-12-20 11:52:25.709 [main] INFO  org.hibernate.Version - HHH000412: Hibernate Core {5.3.7.Final}
2019-12-20 11:52:25.715 [main] INFO  org.hibernate.cfg.Environment - HHH000206: hibernate.properties not found
2019-12-20 11:52:26.349 [main] INFO  org.hibernate.annotations.common.Version - HCANN000001: Hibernate Commons Annotations {5.0.4.Final}
2019-12-20 11:52:27.359 [main] INFO  org.hibernate.dialect.Dialect - HHH000400: Using dialect: org.hibernate.dialect.PostgreSQLDialect
2019-12-20 11:52:27.415 [main] INFO  o.h.engine.jdbc.env.internal.LobCreatorBuilderImpl - HHH000422: Disabling contextual LOB creation as connection was null
2019-12-20 11:52:27.432 [main] INFO  org.hibernate.type.BasicTypeRegistry - HHH000270: Type registration [java.util.UUID] overrides previous : org.hibernate.type.UUIDBinaryType@6d5620ce
2019-12-20 11:52:30.449 [main] INFO  o.s.orm.jpa.LocalContainerEntityManagerFactoryBean - Initialized JPA EntityManagerFactory for persistence unit 'default'
2019-12-20 11:52:35.547 [main] INFO  o.s.scheduling.concurrent.ThreadPoolTaskExecutor - Initializing ExecutorService 'applicationTaskExecutor'
2019-12-20 11:52:35.795 [main] WARN  o.s.b.a.o.j.JpaBaseConfiguration$JpaWebConfiguration$JpaWebMvcConfiguration - spring.jpa.open-in-view is enabled by default. Therefore, database queries may be performed during view rendering. Explicitly configure spring.jpa.open-in-view to disable this warning
2019-12-20 11:52:36.414 [main] INFO  o.s.b.a.web.servlet.WelcomePageHandlerMapping - Adding welcome page: class path resource [aStore/index.html]
2019-12-20 11:52:37.739 [main] INFO  org.apache.coyote.http11.Http11NioProtocol - Starting ProtocolHandler ["http-nio-30019"]
2019-12-20 11:52:37.765 [main] INFO  org.apache.tomcat.util.net.NioSelectorPool - Using a shared selector for servlet write/read
2019-12-20 11:52:37.839 [main] INFO  o.s.boot.web.embedded.tomcat.TomcatWebServer - Tomcat started on port(s): 30019 (http) with context path ''
2019-12-20 11:52:37.849 [main] INFO  com.m2m.management.ManagementApplication - Started ManagementApplication in 33.754 seconds (JVM running for 39.706)
2019-12-20 11:52:37.939 [main] INFO  o.h.hql.internal.QueryTranslatorFactoryInitiator - HHH000397: Using ASTQueryTranslatorFactory
2019-12-20 11:52:38.402 [main] DEBUG org.hibernate.SQL - select user0_.uid as uid1_0_, user0_.name as name2_0_, user0_.passwd as passwd3_0_, user0_.ts as ts4_0_ from public.aimuser user0_ where user0_.name=?
2019-12-20 11:52:38.423 [main] TRACE org.hibernate.type.descriptor.sql.BasicBinder - binding parameter [1] as [VARCHAR] - [admin]
2019-12-20 11:52:38.517 [main] DEBUG org.hibernate.SQL - select repotype0_.rtid as rtid1_5_, repotype0_.ts as ts2_5_, repotype0_.typename as typename3_5_ from public.repotype repotype0_ where repotype0_.typename=?
2019-12-20 11:52:38.518 [main] TRACE org.hibernate.type.descriptor.sql.BasicBinder - binding parameter [1] as [VARCHAR] - [appStore]
2019-12-20 11:52:38.525 [main] DEBUG org.hibernate.SQL - select repotype0_.rtid as rtid1_5_, repotype0_.ts as ts2_5_, repotype0_.typename as typename3_5_ from public.repotype repotype0_ where repotype0_.typename=?
2019-12-20 11:52:38.526 [main] TRACE org.hibernate.type.descriptor.sql.BasicBinder - binding parameter [1] as [VARCHAR] - [bspStore]
2019-12-20 11:52:38.531 [main] DEBUG org.hibernate.SQL - select repotype0_.rtid as rtid1_5_, repotype0_.ts as ts2_5_, repotype0_.typename as typename3_5_ from public.repotype repotype0_ where repotype0_.typename=?
2019-12-20 11:52:38.532 [main] TRACE org.hibernate.type.descriptor.sql.BasicBinder - binding parameter [1] as [VARCHAR] - [fileStore]
2019-12-20 11:52:38.543 [main] DEBUG org.hibernate.SQL - select repo0_.rid as rid1_1_, repo0_.darkname as darkname2_1_, repo0_.description as descript3_1_, repo0_.reponame as reponame4_1_, repo0_.rtid as rtid6_1_, repo0_.ts as ts5_1_, repo0_.uid as uid7_1_ from public.repo repo0_ where repo0_.reponame=?
2019-12-20 11:52:38.545 [main] TRACE org.hibernate.type.descriptor.sql.BasicBinder - binding parameter [1] as [VARCHAR] - [AndroidApp]
2019-12-20 11:52:38.556 [main] DEBUG org.hibernate.SQL - select repotype0_.rtid as rtid1_5_0_, repotype0_.ts as ts2_5_0_, repotype0_.typename as typename3_5_0_ from public.repotype repotype0_ where repotype0_.rtid=?
2019-12-20 11:52:38.559 [main] TRACE org.hibernate.type.descriptor.sql.BasicBinder - binding parameter [1] as [BIGINT] - [1]
2019-12-20 11:52:38.576 [main] DEBUG org.hibernate.SQL - select user0_.uid as uid1_0_0_, user0_.name as name2_0_0_, user0_.passwd as passwd3_0_0_, user0_.ts as ts4_0_0_ from public.aimuser user0_ where user0_.uid=?
2019-12-20 11:52:38.577 [main] TRACE org.hibernate.type.descriptor.sql.BasicBinder - binding parameter [1] as [BIGINT] - [1]
2019-12-20 11:52:38.583 [main] DEBUG org.hibernate.SQL - select repo0_.rid as rid1_1_, repo0_.darkname as darkname2_1_, repo0_.description as descript3_1_, repo0_.reponame as reponame4_1_, repo0_.rtid as rtid6_1_, repo0_.ts as ts5_1_, repo0_.uid as uid7_1_ from public.repo repo0_ where repo0_.reponame=?
2019-12-20 11:52:38.584 [main] TRACE org.hibernate.type.descriptor.sql.BasicBinder - binding parameter [1] as [VARCHAR] - [AndroidBsp]
2019-12-20 11:52:38.587 [main] DEBUG org.hibernate.SQL - select repotype0_.rtid as rtid1_5_0_, repotype0_.ts as ts2_5_0_, repotype0_.typename as typename3_5_0_ from public.repotype repotype0_ where repotype0_.rtid=?
2019-12-20 11:52:38.588 [main] TRACE org.hibernate.type.descriptor.sql.BasicBinder - binding parameter [1] as [BIGINT] - [2]
2019-12-20 11:52:38.591 [main] DEBUG org.hibernate.SQL - select user0_.uid as uid1_0_0_, user0_.name as name2_0_0_, user0_.passwd as passwd3_0_0_, user0_.ts as ts4_0_0_ from public.aimuser user0_ where user0_.uid=?
2019-12-20 11:52:38.593 [main] TRACE org.hibernate.type.descriptor.sql.BasicBinder - binding parameter [1] as [BIGINT] - [1]
2019-12-20 11:52:38.598 [main] DEBUG org.hibernate.SQL - select repo0_.rid as rid1_1_, repo0_.darkname as darkname2_1_, repo0_.description as descript3_1_, repo0_.reponame as reponame4_1_, repo0_.rtid as rtid6_1_, repo0_.ts as ts5_1_, repo0_.uid as uid7_1_ from public.repo repo0_ where repo0_.reponame=?
2019-12-20 11:52:38.600 [main] TRACE org.hibernate.type.descriptor.sql.BasicBinder - binding parameter [1] as [VARCHAR] - [AndroidFile]
2019-12-20 11:52:38.604 [main] DEBUG org.hibernate.SQL - select repotype0_.rtid as rtid1_5_0_, repotype0_.ts as ts2_5_0_, repotype0_.typename as typename3_5_0_ from public.repotype repotype0_ where repotype0_.rtid=?
2019-12-20 11:52:38.605 [main] TRACE org.hibernate.type.descriptor.sql.BasicBinder - binding parameter [1] as [BIGINT] - [3]
2019-12-20 11:52:38.607 [main] DEBUG org.hibernate.SQL - select user0_.uid as uid1_0_0_, user0_.name as name2_0_0_, user0_.passwd as passwd3_0_0_, user0_.ts as ts4_0_0_ from public.aimuser user0_ where user0_.uid=?
2019-12-20 11:52:38.608 [main] TRACE org.hibernate.type.descriptor.sql.BasicBinder - binding parameter [1] as [BIGINT] - [1]
