2019-12-21 12:14:07.892 [main] INFO  com.m2m.management.ManagementApplication - Starting ManagementApplication v0.0.1-SNAPSHOT on 228419e2c572 with PID 44 (/root/adv/astore.jar started by root in /root/adv)
2019-12-21 12:14:07.942 [main] INFO  com.m2m.management.ManagementApplication - No active profile set, falling back to default profiles: default
2019-12-21 12:14:16.372 [main] INFO  o.s.d.r.config.RepositoryConfigurationDelegate - Bootstrapping Spring Data repositories in DEFAULT mode.
2019-12-21 12:14:17.667 [main] INFO  o.s.d.r.config.RepositoryConfigurationDelegate - Finished Spring Data repository scanning in 1154ms. Found 6 repository interfaces.
2019-12-21 12:14:21.180 [main] INFO  o.s.c.s.PostProcessorRegistrationDelegate$BeanPostProcessorChecker - Bean 'org.springframework.transaction.annotation.ProxyTransactionManagementConfiguration' of type [org.springframework.transaction.annotation.ProxyTransactionManagementConfiguration$$EnhancerBySpringCGLIB$$81e84b42] is not eligible for getting processed by all BeanPostProcessors (for example: not eligible for auto-proxying)
2019-12-21 12:14:21.270 [main] INFO  o.s.c.s.PostProcessorRegistrationDelegate$BeanPostProcessorChecker - Bean 'org.springframework.hateoas.config.HateoasConfiguration' of type [org.springframework.hateoas.config.HateoasConfiguration$$EnhancerBySpringCGLIB$$1689874] is not eligible for getting processed by all BeanPostProcessors (for example: not eligible for auto-proxying)
2019-12-21 12:14:23.188 [main] INFO  o.s.boot.web.embedded.tomcat.TomcatWebServer - Tomcat initialized with port(s): 30019 (http)
2019-12-21 12:14:23.259 [main] INFO  org.apache.coyote.http11.Http11NioProtocol - Initializing ProtocolHandler ["http-nio-30019"]
2019-12-21 12:14:23.311 [main] INFO  org.apache.catalina.core.StandardService - Starting service [Tomcat]
2019-12-21 12:14:23.312 [main] INFO  org.apache.catalina.core.StandardEngine - Starting Servlet Engine: Apache Tomcat/9.0.13
2019-12-21 12:14:23.655 [main] INFO  org.apache.catalina.core.AprLifecycleListener - The APR based Apache Tomcat Native library which allows optimal performance in production environments was not found on the java.library.path: [/usr/java/packages/lib/amd64:/usr/lib64:/lib64:/lib:/usr/lib]
2019-12-21 12:14:23.945 [main] INFO  o.a.c.core.ContainerBase.[Tomcat].[localhost].[/] - Initializing Spring embedded WebApplicationContext
2019-12-21 12:14:23.946 [main] INFO  org.springframework.web.context.ContextLoader - Root WebApplicationContext: initialization completed in 15387 ms
2019-12-21 12:14:25.075 [main] INFO  com.zaxxer.hikari.HikariDataSource - HikariPool-1 - Starting...
2019-12-21 12:14:25.425 [main] INFO  com.zaxxer.hikari.HikariDataSource - HikariPool-1 - Start completed.
2019-12-21 12:14:25.763 [main] INFO  org.hibernate.jpa.internal.util.LogHelper - HHH000204: Processing PersistenceUnitInfo [
	name: default
	...]
2019-12-21 12:14:26.077 [main] INFO  org.hibernate.Version - HHH000412: Hibernate Core {5.3.7.Final}
2019-12-21 12:14:26.084 [main] INFO  org.hibernate.cfg.Environment - HHH000206: hibernate.properties not found
2019-12-21 12:14:26.724 [main] INFO  org.hibernate.annotations.common.Version - HCANN000001: Hibernate Commons Annotations {5.0.4.Final}
2019-12-21 12:14:27.937 [main] INFO  org.hibernate.dialect.Dialect - HHH000400: Using dialect: org.hibernate.dialect.PostgreSQLDialect
2019-12-21 12:14:27.997 [main] INFO  o.h.engine.jdbc.env.internal.LobCreatorBuilderImpl - HHH000422: Disabling contextual LOB creation as connection was null
2019-12-21 12:14:28.015 [main] INFO  org.hibernate.type.BasicTypeRegistry - HHH000270: Type registration [java.util.UUID] overrides previous : org.hibernate.type.UUIDBinaryType@642a7222
2019-12-21 12:14:31.228 [main] INFO  o.s.orm.jpa.LocalContainerEntityManagerFactoryBean - Initialized JPA EntityManagerFactory for persistence unit 'default'
2019-12-21 12:14:37.134 [main] INFO  o.s.scheduling.concurrent.ThreadPoolTaskExecutor - Initializing ExecutorService 'applicationTaskExecutor'
2019-12-21 12:14:37.408 [main] WARN  o.s.b.a.o.j.JpaBaseConfiguration$JpaWebConfiguration$JpaWebMvcConfiguration - spring.jpa.open-in-view is enabled by default. Therefore, database queries may be performed during view rendering. Explicitly configure spring.jpa.open-in-view to disable this warning
2019-12-21 12:14:38.251 [main] INFO  o.s.b.a.web.servlet.WelcomePageHandlerMapping - Adding welcome page: class path resource [aStore/index.html]
2019-12-21 12:14:39.755 [main] INFO  org.apache.coyote.http11.Http11NioProtocol - Starting ProtocolHandler ["http-nio-30019"]
2019-12-21 12:14:39.785 [main] INFO  org.apache.tomcat.util.net.NioSelectorPool - Using a shared selector for servlet write/read
2019-12-21 12:14:39.868 [main] INFO  o.s.boot.web.embedded.tomcat.TomcatWebServer - Tomcat started on port(s): 30019 (http) with context path ''
2019-12-21 12:14:39.884 [main] INFO  com.m2m.management.ManagementApplication - Started ManagementApplication in 34.954 seconds (JVM running for 41.261)
2019-12-21 12:14:39.977 [main] INFO  o.h.hql.internal.QueryTranslatorFactoryInitiator - HHH000397: Using ASTQueryTranslatorFactory
2019-12-21 12:14:40.502 [main] DEBUG org.hibernate.SQL - select user0_.uid as uid1_0_, user0_.name as name2_0_, user0_.passwd as passwd3_0_, user0_.ts as ts4_0_ from public.aimuser user0_ where user0_.name=?
2019-12-21 12:14:40.524 [main] TRACE org.hibernate.type.descriptor.sql.BasicBinder - binding parameter [1] as [VARCHAR] - [admin]
2019-12-21 12:14:40.620 [main] DEBUG org.hibernate.SQL - select repotype0_.rtid as rtid1_5_, repotype0_.ts as ts2_5_, repotype0_.typename as typename3_5_ from public.repotype repotype0_ where repotype0_.typename=?
2019-12-21 12:14:40.623 [main] TRACE org.hibernate.type.descriptor.sql.BasicBinder - binding parameter [1] as [VARCHAR] - [appStore]
2019-12-21 12:14:40.630 [main] DEBUG org.hibernate.SQL - select repotype0_.rtid as rtid1_5_, repotype0_.ts as ts2_5_, repotype0_.typename as typename3_5_ from public.repotype repotype0_ where repotype0_.typename=?
2019-12-21 12:14:40.631 [main] TRACE org.hibernate.type.descriptor.sql.BasicBinder - binding parameter [1] as [VARCHAR] - [bspStore]
2019-12-21 12:14:40.636 [main] DEBUG org.hibernate.SQL - select repotype0_.rtid as rtid1_5_, repotype0_.ts as ts2_5_, repotype0_.typename as typename3_5_ from public.repotype repotype0_ where repotype0_.typename=?
2019-12-21 12:14:40.637 [main] TRACE org.hibernate.type.descriptor.sql.BasicBinder - binding parameter [1] as [VARCHAR] - [fileStore]
2019-12-21 12:14:40.647 [main] DEBUG org.hibernate.SQL - select repo0_.rid as rid1_1_, repo0_.darkname as darkname2_1_, repo0_.description as descript3_1_, repo0_.reponame as reponame4_1_, repo0_.rtid as rtid6_1_, repo0_.ts as ts5_1_, repo0_.uid as uid7_1_ from public.repo repo0_ where repo0_.reponame=?
2019-12-21 12:14:40.648 [main] TRACE org.hibernate.type.descriptor.sql.BasicBinder - binding parameter [1] as [VARCHAR] - [AndroidApp]
2019-12-21 12:14:40.659 [main] DEBUG org.hibernate.SQL - select repotype0_.rtid as rtid1_5_0_, repotype0_.ts as ts2_5_0_, repotype0_.typename as typename3_5_0_ from public.repotype repotype0_ where repotype0_.rtid=?
2019-12-21 12:14:40.661 [main] TRACE org.hibernate.type.descriptor.sql.BasicBinder - binding parameter [1] as [BIGINT] - [1]
2019-12-21 12:14:40.689 [main] DEBUG org.hibernate.SQL - select user0_.uid as uid1_0_0_, user0_.name as name2_0_0_, user0_.passwd as passwd3_0_0_, user0_.ts as ts4_0_0_ from public.aimuser user0_ where user0_.uid=?
2019-12-21 12:14:40.691 [main] TRACE org.hibernate.type.descriptor.sql.BasicBinder - binding parameter [1] as [BIGINT] - [1]
2019-12-21 12:14:40.698 [main] DEBUG org.hibernate.SQL - select repo0_.rid as rid1_1_, repo0_.darkname as darkname2_1_, repo0_.description as descript3_1_, repo0_.reponame as reponame4_1_, repo0_.rtid as rtid6_1_, repo0_.ts as ts5_1_, repo0_.uid as uid7_1_ from public.repo repo0_ where repo0_.reponame=?
2019-12-21 12:14:40.700 [main] TRACE org.hibernate.type.descriptor.sql.BasicBinder - binding parameter [1] as [VARCHAR] - [AndroidBsp]
2019-12-21 12:14:40.705 [main] DEBUG org.hibernate.SQL - select repotype0_.rtid as rtid1_5_0_, repotype0_.ts as ts2_5_0_, repotype0_.typename as typename3_5_0_ from public.repotype repotype0_ where repotype0_.rtid=?
2019-12-21 12:14:40.707 [main] TRACE org.hibernate.type.descriptor.sql.BasicBinder - binding parameter [1] as [BIGINT] - [2]
2019-12-21 12:14:40.711 [main] DEBUG org.hibernate.SQL - select user0_.uid as uid1_0_0_, user0_.name as name2_0_0_, user0_.passwd as passwd3_0_0_, user0_.ts as ts4_0_0_ from public.aimuser user0_ where user0_.uid=?
2019-12-21 12:14:40.712 [main] TRACE org.hibernate.type.descriptor.sql.BasicBinder - binding parameter [1] as [BIGINT] - [1]
2019-12-21 12:14:40.720 [main] DEBUG org.hibernate.SQL - select repo0_.rid as rid1_1_, repo0_.darkname as darkname2_1_, repo0_.description as descript3_1_, repo0_.reponame as reponame4_1_, repo0_.rtid as rtid6_1_, repo0_.ts as ts5_1_, repo0_.uid as uid7_1_ from public.repo repo0_ where repo0_.reponame=?
2019-12-21 12:14:40.722 [main] TRACE org.hibernate.type.descriptor.sql.BasicBinder - binding parameter [1] as [VARCHAR] - [AndroidFile]
2019-12-21 12:14:40.727 [main] DEBUG org.hibernate.SQL - select repotype0_.rtid as rtid1_5_0_, repotype0_.ts as ts2_5_0_, repotype0_.typename as typename3_5_0_ from public.repotype repotype0_ where repotype0_.rtid=?
2019-12-21 12:14:40.728 [main] TRACE org.hibernate.type.descriptor.sql.BasicBinder - binding parameter [1] as [BIGINT] - [3]
2019-12-21 12:14:40.731 [main] DEBUG org.hibernate.SQL - select user0_.uid as uid1_0_0_, user0_.name as name2_0_0_, user0_.passwd as passwd3_0_0_, user0_.ts as ts4_0_0_ from public.aimuser user0_ where user0_.uid=?
2019-12-21 12:14:40.732 [main] TRACE org.hibernate.type.descriptor.sql.BasicBinder - binding parameter [1] as [BIGINT] - [1]
