2019-12-15 14:16:05.328 [main] INFO  com.m2m.management.ManagementApplication - Starting ManagementApplication v0.0.1-SNAPSHOT on 228419e2c572 with PID 44 (/root/adv/astore.jar started by root in /root/adv)
2019-12-15 14:16:05.385 [main] INFO  com.m2m.management.ManagementApplication - No active profile set, falling back to default profiles: default
2019-12-15 14:16:11.897 [main] INFO  o.s.d.r.config.RepositoryConfigurationDelegate - Bootstrapping Spring Data repositories in DEFAULT mode.
2019-12-15 14:16:12.423 [main] INFO  o.s.d.r.config.RepositoryConfigurationDelegate - Finished Spring Data repository scanning in 464ms. Found 6 repository interfaces.
2019-12-15 14:16:16.334 [main] INFO  o.s.c.s.PostProcessorRegistrationDelegate$BeanPostProcessorChecker - Bean 'org.springframework.transaction.annotation.ProxyTransactionManagementConfiguration' of type [org.springframework.transaction.annotation.ProxyTransactionManagementConfiguration$$EnhancerBySpringCGLIB$$a21338b] is not eligible for getting processed by all BeanPostProcessors (for example: not eligible for auto-proxying)
2019-12-15 14:16:16.429 [main] INFO  o.s.c.s.PostProcessorRegistrationDelegate$BeanPostProcessorChecker - Bean 'org.springframework.hateoas.config.HateoasConfiguration' of type [org.springframework.hateoas.config.HateoasConfiguration$$EnhancerBySpringCGLIB$$89a180bd] is not eligible for getting processed by all BeanPostProcessors (for example: not eligible for auto-proxying)
2019-12-15 14:16:18.298 [main] INFO  o.s.boot.web.embedded.tomcat.TomcatWebServer - Tomcat initialized with port(s): 30019 (http)
2019-12-15 14:16:18.365 [main] INFO  org.apache.coyote.http11.Http11NioProtocol - Initializing ProtocolHandler ["http-nio-30019"]
2019-12-15 14:16:18.419 [main] INFO  org.apache.catalina.core.StandardService - Starting service [Tomcat]
2019-12-15 14:16:18.420 [main] INFO  org.apache.catalina.core.StandardEngine - Starting Servlet Engine: Apache Tomcat/9.0.13
2019-12-15 14:16:18.464 [main] INFO  org.apache.catalina.core.AprLifecycleListener - The APR based Apache Tomcat Native library which allows optimal performance in production environments was not found on the java.library.path: [/usr/java/packages/lib/amd64:/usr/lib64:/lib64:/lib:/usr/lib]
2019-12-15 14:16:19.009 [main] INFO  o.a.c.core.ContainerBase.[Tomcat].[localhost].[/] - Initializing Spring embedded WebApplicationContext
2019-12-15 14:16:19.010 [main] INFO  org.springframework.web.context.ContextLoader - Root WebApplicationContext: initialization completed in 13236 ms
2019-12-15 14:16:20.042 [main] INFO  com.zaxxer.hikari.HikariDataSource - HikariPool-1 - Starting...
2019-12-15 14:16:20.363 [main] INFO  com.zaxxer.hikari.HikariDataSource - HikariPool-1 - Start completed.
2019-12-15 14:16:20.664 [main] INFO  org.hibernate.jpa.internal.util.LogHelper - HHH000204: Processing PersistenceUnitInfo [
	name: default
	...]
2019-12-15 14:16:20.976 [main] INFO  org.hibernate.Version - HHH000412: Hibernate Core {5.3.7.Final}
2019-12-15 14:16:20.982 [main] INFO  org.hibernate.cfg.Environment - HHH000206: hibernate.properties not found
2019-12-15 14:16:21.617 [main] INFO  org.hibernate.annotations.common.Version - HCANN000001: Hibernate Commons Annotations {5.0.4.Final}
2019-12-15 14:16:22.658 [main] INFO  org.hibernate.dialect.Dialect - HHH000400: Using dialect: org.hibernate.dialect.PostgreSQLDialect
2019-12-15 14:16:22.717 [main] INFO  o.h.engine.jdbc.env.internal.LobCreatorBuilderImpl - HHH000422: Disabling contextual LOB creation as connection was null
2019-12-15 14:16:22.735 [main] INFO  org.hibernate.type.BasicTypeRegistry - HHH000270: Type registration [java.util.UUID] overrides previous : org.hibernate.type.UUIDBinaryType@730d2164
2019-12-15 14:16:25.759 [main] INFO  o.s.orm.jpa.LocalContainerEntityManagerFactoryBean - Initialized JPA EntityManagerFactory for persistence unit 'default'
2019-12-15 14:16:30.468 [main] INFO  o.s.scheduling.concurrent.ThreadPoolTaskExecutor - Initializing ExecutorService 'applicationTaskExecutor'
2019-12-15 14:16:30.735 [main] WARN  o.s.b.a.o.j.JpaBaseConfiguration$JpaWebConfiguration$JpaWebMvcConfiguration - spring.jpa.open-in-view is enabled by default. Therefore, database queries may be performed during view rendering. Explicitly configure spring.jpa.open-in-view to disable this warning
2019-12-15 14:16:31.436 [main] INFO  o.s.b.a.web.servlet.WelcomePageHandlerMapping - Adding welcome page: class path resource [aStore/index.html]
2019-12-15 14:16:32.740 [main] INFO  org.apache.coyote.http11.Http11NioProtocol - Starting ProtocolHandler ["http-nio-30019"]
2019-12-15 14:16:32.761 [main] INFO  org.apache.tomcat.util.net.NioSelectorPool - Using a shared selector for servlet write/read
2019-12-15 14:16:32.828 [main] INFO  o.s.boot.web.embedded.tomcat.TomcatWebServer - Tomcat started on port(s): 30019 (http) with context path ''
2019-12-15 14:16:32.838 [main] INFO  com.m2m.management.ManagementApplication - Started ManagementApplication in 29.679 seconds (JVM running for 33.864)
2019-12-15 14:16:32.926 [main] INFO  o.h.hql.internal.QueryTranslatorFactoryInitiator - HHH000397: Using ASTQueryTranslatorFactory
2019-12-15 14:16:33.366 [main] DEBUG org.hibernate.SQL - select user0_.uid as uid1_0_, user0_.name as name2_0_, user0_.passwd as passwd3_0_, user0_.ts as ts4_0_ from public.aimuser user0_ where user0_.name=?
2019-12-15 14:16:33.387 [main] TRACE org.hibernate.type.descriptor.sql.BasicBinder - binding parameter [1] as [VARCHAR] - [admin]
2019-12-15 14:16:33.479 [main] DEBUG org.hibernate.SQL - select repotype0_.rtid as rtid1_5_, repotype0_.ts as ts2_5_, repotype0_.typename as typename3_5_ from public.repotype repotype0_ where repotype0_.typename=?
2019-12-15 14:16:33.481 [main] TRACE org.hibernate.type.descriptor.sql.BasicBinder - binding parameter [1] as [VARCHAR] - [appStore]
2019-12-15 14:16:33.488 [main] DEBUG org.hibernate.SQL - select repotype0_.rtid as rtid1_5_, repotype0_.ts as ts2_5_, repotype0_.typename as typename3_5_ from public.repotype repotype0_ where repotype0_.typename=?
2019-12-15 14:16:33.489 [main] TRACE org.hibernate.type.descriptor.sql.BasicBinder - binding parameter [1] as [VARCHAR] - [bspStore]
2019-12-15 14:16:33.494 [main] DEBUG org.hibernate.SQL - select repotype0_.rtid as rtid1_5_, repotype0_.ts as ts2_5_, repotype0_.typename as typename3_5_ from public.repotype repotype0_ where repotype0_.typename=?
2019-12-15 14:16:33.495 [main] TRACE org.hibernate.type.descriptor.sql.BasicBinder - binding parameter [1] as [VARCHAR] - [fileStore]
2019-12-15 14:16:33.505 [main] DEBUG org.hibernate.SQL - select repo0_.rid as rid1_1_, repo0_.darkname as darkname2_1_, repo0_.description as descript3_1_, repo0_.reponame as reponame4_1_, repo0_.rtid as rtid6_1_, repo0_.ts as ts5_1_, repo0_.uid as uid7_1_ from public.repo repo0_ where repo0_.reponame=?
2019-12-15 14:16:33.507 [main] TRACE org.hibernate.type.descriptor.sql.BasicBinder - binding parameter [1] as [VARCHAR] - [AndroidApp]
2019-12-15 14:16:33.518 [main] DEBUG org.hibernate.SQL - select repotype0_.rtid as rtid1_5_0_, repotype0_.ts as ts2_5_0_, repotype0_.typename as typename3_5_0_ from public.repotype repotype0_ where repotype0_.rtid=?
2019-12-15 14:16:33.520 [main] TRACE org.hibernate.type.descriptor.sql.BasicBinder - binding parameter [1] as [BIGINT] - [1]
2019-12-15 14:16:33.536 [main] DEBUG org.hibernate.SQL - select user0_.uid as uid1_0_0_, user0_.name as name2_0_0_, user0_.passwd as passwd3_0_0_, user0_.ts as ts4_0_0_ from public.aimuser user0_ where user0_.uid=?
2019-12-15 14:16:33.537 [main] TRACE org.hibernate.type.descriptor.sql.BasicBinder - binding parameter [1] as [BIGINT] - [1]
2019-12-15 14:16:33.542 [main] DEBUG org.hibernate.SQL - select repo0_.rid as rid1_1_, repo0_.darkname as darkname2_1_, repo0_.description as descript3_1_, repo0_.reponame as reponame4_1_, repo0_.rtid as rtid6_1_, repo0_.ts as ts5_1_, repo0_.uid as uid7_1_ from public.repo repo0_ where repo0_.reponame=?
2019-12-15 14:16:33.543 [main] TRACE org.hibernate.type.descriptor.sql.BasicBinder - binding parameter [1] as [VARCHAR] - [AndroidBsp]
2019-12-15 14:16:33.546 [main] DEBUG org.hibernate.SQL - select repotype0_.rtid as rtid1_5_0_, repotype0_.ts as ts2_5_0_, repotype0_.typename as typename3_5_0_ from public.repotype repotype0_ where repotype0_.rtid=?
2019-12-15 14:16:33.547 [main] TRACE org.hibernate.type.descriptor.sql.BasicBinder - binding parameter [1] as [BIGINT] - [2]
2019-12-15 14:16:33.549 [main] DEBUG org.hibernate.SQL - select user0_.uid as uid1_0_0_, user0_.name as name2_0_0_, user0_.passwd as passwd3_0_0_, user0_.ts as ts4_0_0_ from public.aimuser user0_ where user0_.uid=?
2019-12-15 14:16:33.550 [main] TRACE org.hibernate.type.descriptor.sql.BasicBinder - binding parameter [1] as [BIGINT] - [1]
2019-12-15 14:16:33.555 [main] DEBUG org.hibernate.SQL - select repo0_.rid as rid1_1_, repo0_.darkname as darkname2_1_, repo0_.description as descript3_1_, repo0_.reponame as reponame4_1_, repo0_.rtid as rtid6_1_, repo0_.ts as ts5_1_, repo0_.uid as uid7_1_ from public.repo repo0_ where repo0_.reponame=?
2019-12-15 14:16:33.556 [main] TRACE org.hibernate.type.descriptor.sql.BasicBinder - binding parameter [1] as [VARCHAR] - [AndroidFile]
2019-12-15 14:16:33.558 [main] DEBUG org.hibernate.SQL - select repotype0_.rtid as rtid1_5_0_, repotype0_.ts as ts2_5_0_, repotype0_.typename as typename3_5_0_ from public.repotype repotype0_ where repotype0_.rtid=?
2019-12-15 14:16:33.559 [main] TRACE org.hibernate.type.descriptor.sql.BasicBinder - binding parameter [1] as [BIGINT] - [3]
2019-12-15 14:16:33.562 [main] DEBUG org.hibernate.SQL - select user0_.uid as uid1_0_0_, user0_.name as name2_0_0_, user0_.passwd as passwd3_0_0_, user0_.ts as ts4_0_0_ from public.aimuser user0_ where user0_.uid=?
2019-12-15 14:16:33.563 [main] TRACE org.hibernate.type.descriptor.sql.BasicBinder - binding parameter [1] as [BIGINT] - [1]
